[backblue.gif]
[fade.gif]
[index.html]
[pahsing-helmet.com/index.html]
[pahsing-helmet.com/amp.html]
[img.holkee.com/site/upload/62e67c26-6381w2obb-3a4b-5bd902db/35a802bc7a99752584c1d4967a0b787a_share.jpg]
[use.fontawesome.com/releases/v5.0.13/css/all.css]
[img.holkee.com/main/arrow-up-solid_w.png]
[img.holkee.com/main/lang-arr-up-w.png]
[cdn.ampproject.org/v0.js]
[cdn.ampproject.org/v0/amp-position-observer-0.1.js]
[cdn.ampproject.org/v0/amp-animation-0.1.js]
[cdn.ampproject.org/v0/amp-sidebar-0.1.js]
[cdn.ampproject.org/v0/amp-image-lightbox-0.1.js]
[cdn.ampproject.org/v0/amp-carousel-0.2.js]
[cdn.ampproject.org/v0/amp-bind-0.1.js]
[cdn.ampproject.org/v0/amp-youtube-0.1.js]
[cdn.ampproject.org/v0/amp-facebook-0.1.js]
[cdn.ampproject.org/v0/amp-instagram-0.1.js]
[cdn.ampproject.org/v0/amp-twitter-0.1.js]
[cdn.ampproject.org/v0/amp-iframe-0.1.js]
[cdn.ampproject.org/v0/amp-form-0.1.js]
[cdn.ampproject.org/v0/amp-social-share-0.1.js]
[cdn.ampproject.org/v0/amp-ad-0.1.js]
[cdn.ampproject.org/v0/amp-user-notification-0.1.js]
[cdn.ampproject.org/v0/amp-analytics-0.1.js]
[img.holkee.com/site/upload/62e67c26-6381w2obb-3a4b-5bd902db/4bf18e5ae1e818097a796236549977f9_double.jpg]
[img.holkee.com/site/upload/62e67c26-6381w2obb-3a4b-5bd902db/87edc5fd7b68c17defb0235daf7d3d70_double.png]
[img.holkee.com/site/upload/62e67c26-6381w2obb-3a4b-5bd902db/cb9e0bc0e07e2feba0fc6728e94cd836_double.jpg]
[img.holkee.com/site/upload/62e67c26-6381w2obb-3a4b-5bd902db/920ce9c728f70496d5e2e7d53a6b79ca_double.jpg]
[img.holkee.com/site/upload/62e67c26-6381w2obb-3a4b-5bd902db/1c1d50d2133ffa1723f41b22e960c1bd_double.png]
[img.holkee.com/site/upload/5c9c697a-7083ap0ab-b380-50e9498f/e8a2c1134795a7a78310d75132a69c5b_normal.png]
[img.holkee.com/site/upload/62e67c26-6381w2obb-3a4b-5bd902db/17e29c3404a440dde229a55a2d0204d5_double.jpg]
[img.holkee.com/site/upload/62e67c26-6381w2obb-3a4b-5bd902db/ce5854204e91428e5c2c6a065bfa7d53_double.jpg]
[img.holkee.com/site/upload/62e67c26-6381w2obb-3a4b-5bd902db/b3543ba7da608af905ac0ab229a86755_double.jpg]
[img.holkee.com/site/upload/62e67c26-6381w2obb-3a4b-5bd902db/e4f69875d16bc267e6e8235cb176345c_double.jpg]
[img.holkee.com/site/upload/62e67c26-6381w2obb-3a4b-5bd902db/85798f37ef823e0823f0f2cf24dc36ba_double.jpg]
[img.holkee.com/site/upload/62e67c26-6381w2obb-3a4b-5bd902db/acd0a8717e49fe724675e38697cfb807_double.jpg]
[img.holkee.com/site/upload/62e67c26-6381w2obb-3a4b-5bd902db/e430c303446c6c3f68f048c84609bf57_double.jpg]
[img.holkee.com/site/upload/62e67c26-6381w2obb-3a4b-5bd902db/f58c27f4a3001be7f8787cec1be2e430_double.jpg]
[img.holkee.com/site/theme/unknown/cdc4873948bebad953ebe58f220941c6_normal.jpg]
[img.holkee.com/site/upload/62e67c26-6381w2obb-3a4b-5bd902db/202fa66f06a6f23ccd650998f328ce32_double.png]
[img.holkee.com/site/theme/unknown/c99409ce7082be60e1c15ef3b0d4cebb_normal.jpg]
[img.holkee.com/site/upload/62e67c26-6381w2obb-3a4b-5bd902db/baca12fd1c25ce6ab812a29065eb6f03_double.png]
[img.holkee.com/site/upload/62e67c26-6381w2obb-3a4b-5bd902db/6546f89e3b93096a180d0d4c458c9d4b_double.jpg]
[img.holkee.com/site/upload/62e67c26-6381w2obb-3a4b-5bd902db/c5db4c35b59026df2bfda3a99aac7839_double.jpg]
[img.holkee.com/site/upload/62e67c26-6381w2obb-3a4b-5bd902db/53297518c068d5c7dfa9183daa8c3f23_double.jpg]
[img.holkee.com/site/upload/62e67c26-6381w2obb-3a4b-5bd902db/05dc076518f753218b24d57d9a87f916_double.jpg]
[img.holkee.com/site/upload/62e67c26-6381w2obb-3a4b-5bd902db/00664851db31db04c0d2afa83e10b780_double.jpg]
[img.holkee.com/site/upload/62e67c26-6381w2obb-3a4b-5bd902db/736c0a538c8b7ea2b5ba901d9bbf72c4_double.jpg]
[img.holkee.com/site/upload/62e67c26-6381w2obb-3a4b-5bd902db/728002d18c36cafd15a811b91deb9cc0_double.jpg]
[img.holkee.com/site/upload/62e67c26-6381w2obb-3a4b-5bd902db/c95bb626e0cebf4e9496ead89c2c37bd_double.jpg]
[img.holkee.com/site/upload/62e67c26-6381w2obb-3a4b-5bd902db/68c494ef49ac2bf7ff15b989994f5d00_double.jpg]
[img.holkee.com/site/upload/62e67c26-6381w2obb-3a4b-5bd902db/63295badd9ba2cf2bc62ec6dac85d771_double.jpg]
[img.holkee.com/site/upload/62e67c26-6381w2obb-3a4b-5bd902db/100366cf51a73d31adca61db0a7aa21a_double.jpg]
[img.holkee.com/site/upload/62e67c26-6381w2obb-3a4b-5bd902db/26ed805d51e5657b50c80870fe1721a3_double.jpg]
[img.holkee.com/site/upload/62e67c26-6381w2obb-3a4b-5bd902db/516187095158f6934f538676efb7fdbf_double.jpg]
[img.holkee.com/site/upload/62e67c26-6381w2obb-3a4b-5bd902db/9d88e9b19a44b59216985e57451b4a98_double.jpg]
[img.holkee.com/site/upload/62e67c26-6381w2obb-3a4b-5bd902db/be31d7f4b2c59371bad8639fb48066d7_double.jpg]
[img.holkee.com/site/upload/62e67c26-6381w2obb-3a4b-5bd902db/daac58d2542e394818635a51f62e908c_double.jpg]
[img.holkee.com/site/upload/62e67c26-6381w2obb-3a4b-5bd902db/688274e27e4bebbe43dd2863564b3360_double.jpg]
[img.holkee.com/site/upload/62e67c26-6381w2obb-3a4b-5bd902db/32c201e4519acca931f01b6ee02e2e2f_double.jpg]
[img.holkee.com/site/upload/62e67c26-6381w2obb-3a4b-5bd902db/dd3996573e7189c66e2a654ab938dcae_double.jpg]
[img.holkee.com/site/upload/62e67c26-6381w2obb-3a4b-5bd902db/3e16a40ddc5a23ff227259131a5350c9_double.jpg]
[img.holkee.com/main/loading.png]
[img.holkee.com/site/upload/62e67c26-6381w2obb-3a4b-5bd902db/107ca464aec56534e771e3224830949b_double.jpg]
[pahsing-helmet.com/amp.html]
[use.fontawesome.com/releases/v5.0.13/css/all.css]
